<?xml version="1.0" encoding="UTF-8"?>
<!-- Generated by org.testng.reporters.JUnitReportReporter -->
<testsuite skipped="1" hostname="swati" name="testCase.TCRegister01" tests="1" failures="0" timestamp="2020-05-13T13:54:37 IST" time="0.000" errors="0">
  <testcase name="registerTest" time="0.000" classname="testCase.TCRegister01">
    <skipped/>
  </testcase> <!-- registerTest -->
  <system-out/>
</testsuite> <!-- testCase.TCRegister01 -->
