<?xml version="1.0" encoding="UTF-8"?>
<!-- Generated by org.testng.reporters.JUnitReportReporter -->
<testsuite skipped="0" hostname="swati" name="test.ExtentReportsTestng" tests="5" failures="0" timestamp="2020-05-15T13:22:59 IST" time="16.250" errors="0">
  <testcase name="test4" time="0.006" classname="test.ExtentReportsTestng"/>
  <system-out/>
  <testcase name="test3" time="0.004" classname="test.ExtentReportsTestng"/>
  <system-out/>
  <testcase name="test1" time="16.220" classname="test.ExtentReportsTestng"/>
  <system-out/>
  <testcase name="test2" time="0.006" classname="test.ExtentReportsTestng"/>
  <system-out/>
  <testcase name="test5" time="0.014" classname="test.ExtentReportsTestng"/>
  <system-out/>
</testsuite> <!-- test.ExtentReportsTestng -->
