<?xml version="1.0" encoding="UTF-8"?>
<!-- Generated by org.testng.reporters.JUnitReportReporter -->
<testsuite skipped="0" hostname="swati" name="demo.TesngDependancy" tests="3" failures="0" timestamp="2020-05-29T14:05:59 IST" time="0.016" errors="0">
  <testcase name="test1" time="0.002" classname="demo.TesngDependancy"/>
  <system-out/>
  <testcase name="test2" time="0.011" classname="demo.TesngDependancy"/>
  <system-out/>
  <testcase name="test3" time="0.003" classname="demo.TesngDependancy"/>
  <system-out/>
</testsuite> <!-- demo.TesngDependancy -->
