<?xml version="1.0" encoding="UTF-8"?>
<!-- Generated by org.testng.reporters.JUnitReportReporter -->
<testsuite skipped="0" hostname="swati" name="utils.ExcelDataProvider" tests="3" failures="0" timestamp="2020-05-17T20:12:25 IST" time="22.253" errors="0">
  <testcase name="test1" time="4.654" classname="utils.ExcelDataProvider"/>
  <system-out/>
  <testcase name="test1" time="5.373" classname="utils.ExcelDataProvider"/>
  <system-out/>
  <testcase name="test1" time="12.226" classname="utils.ExcelDataProvider"/>
  <system-out/>
</testsuite> <!-- utils.ExcelDataProvider -->
