<?xml version="1.0" encoding="UTF-8"?>
<!-- Generated by org.testng.reporters.JUnitReportReporter -->
<testsuite skipped="0" hostname="swati" name="demo.TestNgGrp" tests="3" failures="0" timestamp="2020-05-28T18:13:11 IST" time="0.019" errors="0">
  <testcase name="test1" time="0.015" classname="demo.TestNgGrp"/>
  <system-out/>
  <testcase name="test3" time="0.002" classname="demo.TestNgGrp"/>
  <system-out/>
  <testcase name="test4" time="0.002" classname="demo.TestNgGrp"/>
  <system-out/>
</testsuite> <!-- demo.TestNgGrp -->
