<?xml version="1.0" encoding="UTF-8"?>
<!-- Generated by org.testng.reporters.JUnitReportReporter -->
<testsuite skipped="0" hostname="swati" name="demo.Testngparam" tests="1" failures="0" timestamp="2020-05-29T13:53:05 IST" time="0.011" errors="0">
  <testcase name="test" time="0.011" classname="demo.Testngparam"/>
  <system-out/>
</testsuite> <!-- demo.Testngparam -->
