<?xml version="1.0" encoding="UTF-8"?>
<!-- Generated by org.testng.reporters.JUnitReportReporter -->
<testsuite skipped="1" hostname="swati" name="demo.TestMultibrowser" tests="3" failures="0" timestamp="2020-05-28T17:35:06 IST" time="15.640" errors="1">
  <testcase name="test" time="9.113" classname="demo.TestMultibrowser"/>
  <system-out/>
  <testcase name="test" time="0.000" classname="demo.TestMultibrowser">
    <skipped/>
  </testcase> <!-- test -->
  <system-out/>
  <testcase name="setUp" time="6.527" classname="demo.TestMultibrowser">
    <error type="org.openqa.selenium.WebDriverException" message="newSession
Build info: version: &#039;3.141.59&#039;, revision: &#039;e82be7d358&#039;, time: &#039;2018-11-14T08:25:53&#039;
System info: host: &#039;swati&#039;, ip: &#039;127.0.1.1&#039;, os.name: &#039;Linux&#039;, os.arch: &#039;amd64&#039;, os.version: &#039;4.15.0-99-generic&#039;, java.version: &#039;1.8.0_252&#039;
Driver info: driver.version: FirefoxDriver
remote stacktrace: stack backtrace:
   0:           0x5787ed - backtrace::backtrace::trace::h59229d13f6a8837d
   1:           0x578942 - backtrace::capture::Backtrace::new::h23089c033eded8f0
   2:           0x4463cc - webdriver::error::WebDriverError::new::hd11f864b1fdf4510
   3:           0x454c93 - geckodriver::marionette::MarionetteSession::response::h1547050944cdade1
   4:           0x469104 - geckodriver::marionette::MarionetteConnection::send_command::h5f9bb9f7e777eadb
   5:           0x42625f - &lt;webdriver::server::Dispatcher&lt;T, U&gt;&gt;::run::h8f5348b8f5f7c053
   6:           0x40b22c - std::panicking::try::do_call::hb67c6fb6bcd96195
   7:           0x5dc20a - panic_unwind::__rust_maybe_catch_panic
                        at /checkout/src/libpanic_unwind/lib.rs:98
   8:           0x41b943 - &lt;F as alloc::boxed::FnBox&lt;A&gt;&gt;::call_box::h4100941edc372034
   9:           0x5d48a4 - alloc::boxed::{{impl}}::call_once&lt;(),()&gt;
                        at /checkout/src/liballoc/boxed.rs:650
                         - std::sys_common::thread::start_thread
                        at /checkout/src/libstd/sys_common/thread.rs:21
                         - std::sys::imp::thread::{{impl}}::new::thread_start
                        at /checkout/src/libstd/sys/unix/thread.rs:84">
      <![CDATA[org.openqa.selenium.WebDriverException: newSession
Build info: version: '3.141.59', revision: 'e82be7d358', time: '2018-11-14T08:25:53'
System info: host: 'swati', ip: '127.0.1.1', os.name: 'Linux', os.arch: 'amd64', os.version: '4.15.0-99-generic', java.version: '1.8.0_252'
Driver info: driver.version: FirefoxDriver
remote stacktrace: stack backtrace:
   0:           0x5787ed - backtrace::backtrace::trace::h59229d13f6a8837d
   1:           0x578942 - backtrace::capture::Backtrace::new::h23089c033eded8f0
   2:           0x4463cc - webdriver::error::WebDriverError::new::hd11f864b1fdf4510
   3:           0x454c93 - geckodriver::marionette::MarionetteSession::response::h1547050944cdade1
   4:           0x469104 - geckodriver::marionette::MarionetteConnection::send_command::h5f9bb9f7e777eadb
   5:           0x42625f - <webdriver::server::Dispatcher<T, U>>::run::h8f5348b8f5f7c053
   6:           0x40b22c - std::panicking::try::do_call::hb67c6fb6bcd96195
   7:           0x5dc20a - panic_unwind::__rust_maybe_catch_panic
                        at /checkout/src/libpanic_unwind/lib.rs:98
   8:           0x41b943 - <F as alloc::boxed::FnBox<A>>::call_box::h4100941edc372034
   9:           0x5d48a4 - alloc::boxed::{{impl}}::call_once<(),()>
                        at /checkout/src/liballoc/boxed.rs:650
                         - std::sys_common::thread::start_thread
                        at /checkout/src/libstd/sys_common/thread.rs:21
                         - std::sys::imp::thread::{{impl}}::new::thread_start
                        at /checkout/src/libstd/sys/unix/thread.rs:84
at sun.reflect.NativeConstructorAccessorImpl.newInstance0(Native Method)
at sun.reflect.NativeConstructorAccessorImpl.newInstance(NativeConstructorAccessorImpl.java:62)
at sun.reflect.DelegatingConstructorAccessorImpl.newInstance(DelegatingConstructorAccessorImpl.java:45)
at java.lang.reflect.Constructor.newInstance(Constructor.java:423)
at org.openqa.selenium.remote.W3CHandshakeResponse.lambda$errorHandler$0(W3CHandshakeResponse.java:62)
at org.openqa.selenium.remote.HandshakeResponse.lambda$getResponseFunction$0(HandshakeResponse.java:30)
at org.openqa.selenium.remote.ProtocolHandshake.lambda$createSession$0(ProtocolHandshake.java:126)
at java.util.stream.ReferencePipeline$3$1.accept(ReferencePipeline.java:193)
at java.util.Spliterators$ArraySpliterator.tryAdvance(Spliterators.java:958)
at java.util.stream.ReferencePipeline.forEachWithCancel(ReferencePipeline.java:126)
at java.util.stream.AbstractPipeline.copyIntoWithCancel(AbstractPipeline.java:499)
at java.util.stream.AbstractPipeline.copyInto(AbstractPipeline.java:486)
at java.util.stream.AbstractPipeline.wrapAndCopyInto(AbstractPipeline.java:472)
at java.util.stream.FindOps$FindOp.evaluateSequential(FindOps.java:152)
at java.util.stream.AbstractPipeline.evaluate(AbstractPipeline.java:234)
at java.util.stream.ReferencePipeline.findFirst(ReferencePipeline.java:531)
at org.openqa.selenium.remote.ProtocolHandshake.createSession(ProtocolHandshake.java:128)
at org.openqa.selenium.remote.ProtocolHandshake.createSession(ProtocolHandshake.java:74)
at org.openqa.selenium.remote.HttpCommandExecutor.execute(HttpCommandExecutor.java:136)
at org.openqa.selenium.remote.service.DriverCommandExecutor.execute(DriverCommandExecutor.java:83)
at org.openqa.selenium.remote.RemoteWebDriver.execute(RemoteWebDriver.java:552)
at org.openqa.selenium.remote.RemoteWebDriver.startSession(RemoteWebDriver.java:213)
at org.openqa.selenium.remote.RemoteWebDriver.<init>(RemoteWebDriver.java:131)
at org.openqa.selenium.firefox.FirefoxDriver.<init>(FirefoxDriver.java:147)
at org.openqa.selenium.firefox.FirefoxDriver.<init>(FirefoxDriver.java:125)
at demo.TestMultibrowser.setUp(TestMultibrowser.java:38)
at sun.reflect.NativeMethodAccessorImpl.invoke0(Native Method)
at sun.reflect.NativeMethodAccessorImpl.invoke(NativeMethodAccessorImpl.java:62)
at sun.reflect.DelegatingMethodAccessorImpl.invoke(DelegatingMethodAccessorImpl.java:43)
at java.lang.reflect.Method.invoke(Method.java:498)
at org.testng.internal.MethodInvocationHelper.invokeMethod(MethodInvocationHelper.java:134)
at org.testng.internal.MethodInvocationHelper.invokeMethodConsideringTimeout(MethodInvocationHelper.java:63)
at org.testng.internal.ConfigInvoker.invokeConfigurationMethod(ConfigInvoker.java:348)
at org.testng.internal.ConfigInvoker.invokeConfigurations(ConfigInvoker.java:302)
at org.testng.TestRunner.invokeTestConfigurations(TestRunner.java:619)
at org.testng.TestRunner.beforeRun(TestRunner.java:609)
at org.testng.TestRunner.run(TestRunner.java:580)
at org.testng.SuiteRunner.runTest(SuiteRunner.java:384)
at org.testng.SuiteRunner.runSequentially(SuiteRunner.java:378)
at org.testng.SuiteRunner.privateRun(SuiteRunner.java:337)
at org.testng.SuiteRunner.run(SuiteRunner.java:286)
at org.testng.SuiteRunnerWorker.runSuite(SuiteRunnerWorker.java:53)
at org.testng.SuiteRunnerWorker.run(SuiteRunnerWorker.java:96)
at org.testng.TestNG.runSuitesSequentially(TestNG.java:1187)
at org.testng.TestNG.runSuitesLocally(TestNG.java:1109)
at org.testng.TestNG.runSuites(TestNG.java:1039)
at org.testng.TestNG.run(TestNG.java:1007)
at org.testng.remote.AbstractRemoteTestNG.run(AbstractRemoteTestNG.java:115)
at org.testng.remote.RemoteTestNG.initAndRun(RemoteTestNG.java:251)
at org.testng.remote.RemoteTestNG.main(RemoteTestNG.java:77)
]]>
    </error>
  </testcase> <!-- setUp -->
  <system-out/>
</testsuite> <!-- demo.TestMultibrowser -->
